2026-01-08 17:52:27,204 - INFO - Pipeline started at: 2026-01-08 17:52:27
2026-01-08 17:53:37,570 - INFO - Pipeline started at: 2026-01-08 17:53:37
2026-01-08 17:53:37,570 - INFO - [ingestion] Running (attempt 1/3)
2026-01-08 17:54:08,037 - INFO - [ingestion] Completed successfully
2026-01-08 17:54:08,037 - INFO - [transformation] Running (attempt 1/1)
2026-01-08 17:54:11,081 - INFO - [transformation] Completed successfully
2026-01-08 17:54:11,081 - INFO - [schema] Running (attempt 1/1)
2026-01-08 17:54:46,204 - INFO - Pipeline started at: 2026-01-08 17:54:46
2026-01-08 17:54:46,204 - INFO - [ingestion] Running (attempt 1/3)
2026-01-08 17:55:19,916 - INFO - [ingestion] Completed successfully
2026-01-08 17:55:19,917 - INFO - [transformation] Running (attempt 1/1)
2026-01-08 17:55:26,619 - INFO - [transformation] Completed successfully
2026-01-08 17:55:26,619 - INFO - [load_dw] Running (attempt 1/1)
2026-01-08 17:55:44,528 - ERROR - [load_dw] Failed with return code 1
2026-01-08 17:55:44,528 - ERROR - Pipeline stopped at load_dw step
2026-01-08 17:57:54,388 - INFO - Pipeline started at: 2026-01-08 17:57:54
2026-01-08 17:57:54,389 - INFO - [ingestion] Running (attempt 1/3)
2026-01-08 17:58:16,125 - INFO - [ingestion] Completed successfully
2026-01-08 17:58:16,126 - INFO - [transformation] Running (attempt 1/1)
2026-01-08 17:58:19,014 - INFO - [transformation] Completed successfully
2026-01-08 17:58:19,015 - INFO - [load_dw] Running (attempt 1/1)
2026-01-08 17:59:05,455 - INFO - [load_dw] Completed successfully
2026-01-08 17:59:05,455 - INFO - Pipeline finished successfully
2026-01-09 15:52:49,652 - INFO - Pipeline started at: 2026-01-09 15:52:49
2026-01-09 15:52:49,652 - INFO - [ingestion] Running (attempt 1/3)
2026-01-09 15:53:14,329 - INFO - [ingestion] Completed successfully
2026-01-09 15:53:14,329 - INFO - [transformation] Running (attempt 1/1)
2026-01-09 15:53:18,383 - INFO - [transformation] Completed successfully
2026-01-09 15:53:18,383 - INFO - [load_dw] Running (attempt 1/1)
2026-01-09 15:53:34,760 - ERROR - [load_dw] Failed with return code 1
2026-01-09 15:53:34,760 - ERROR - Pipeline stopped at load_dw step
2026-01-09 15:54:39,794 - INFO - Pipeline started at: 2026-01-09 15:54:39
2026-01-09 15:54:39,794 - INFO - [ingestion] Running (attempt 1/3)
2026-01-09 15:54:56,898 - INFO - [ingestion] Completed successfully
2026-01-09 15:54:56,898 - INFO - [transformation] Running (attempt 1/1)
2026-01-09 15:54:59,102 - INFO - [transformation] Completed successfully
2026-01-09 15:54:59,102 - INFO - [load_dw] Running (attempt 1/1)
2026-01-09 15:55:43,158 - INFO - [load_dw] Completed successfully
2026-01-09 15:55:43,158 - INFO - Pipeline finished successfully
